<?xml version="1.0" encoding="UTF-8"?>
<!-- Generated by org.testng.reporters.JUnitReportReporter -->
<testsuite hostname="LAPTOP-IS58FAUU" failures="0" tests="1" name="TestCases.Tc3Test" time="0.000" errors="0" timestamp="2023-11-21T00:24:40 IST" skipped="0">
  <testcase classname="TestCases.Tc3Test" name="tc3" time="0.000"/>
  <system-out>
    <![CDATA[Tc3 started]]>
  </system-out>
</testsuite> <!-- TestCases.Tc3Test -->
