<?xml version="1.0" encoding="UTF-8"?>
<!-- Generated by org.testng.reporters.JUnitReportReporter -->
<testsuite hostname="LAPTOP-IS58FAUU" failures="0" tests="1" name="TestCases.Tc1Test" time="0.004" errors="0" timestamp="2023-11-21T00:24:40 IST" skipped="0">
  <testcase classname="TestCases.Tc1Test" name="tc1" time="0.004"/>
  <system-out>
    <![CDATA[Tc1 started]]>
  </system-out>
</testsuite> <!-- TestCases.Tc1Test -->
