<?xml version="1.0" encoding="UTF-8"?>
<!-- Generated by org.testng.reporters.JUnitReportReporter -->
<testsuite hostname="LAPTOP-IS58FAUU" failures="0" tests="1" name="TestCases.Tc2Test" time="0.000" errors="0" timestamp="2023-11-21T00:24:40 IST" skipped="0">
  <testcase classname="TestCases.Tc2Test" name="tc2" time="0.000"/>
  <system-out>
    <![CDATA[Tc2 started]]>
  </system-out>
</testsuite> <!-- TestCases.Tc2Test -->
